<?xml version="1.0" encoding="UTF-8"?>
<testsuite name="com.example.newimse_project.NewImseProjectApplicationTests" tests="1" skipped="0" failures="0" errors="0" timestamp="2021-10-03T22:17:14" hostname="Mzares-MacBook-Air.local" time="1.02">
  <properties/>
  <testcase name="contextLoads()" classname="com.example.newimse_project.NewImseProjectApplicationTests" time="1.02"/>
  <system-out><![CDATA[00:17:03.161 [Test worker] DEBUG org.springframework.test.context.BootstrapUtils - Instantiating CacheAwareContextLoaderDelegate from class [org.springframework.test.context.cache.DefaultCacheAwareContextLoaderDelegate]
00:17:03.226 [Test worker] DEBUG org.springframework.test.context.BootstrapUtils - Instantiating BootstrapContext using constructor [public org.springframework.test.context.support.DefaultBootstrapContext(java.lang.Class,org.springframework.test.context.CacheAwareContextLoaderDelegate)]
00:17:03.386 [Test worker] DEBUG org.springframework.test.context.BootstrapUtils - Instantiating TestContextBootstrapper for test class [com.example.newimse_project.NewImseProjectApplicationTests] from class [org.springframework.boot.test.context.SpringBootTestContextBootstrapper]
00:17:03.420 [Test worker] INFO org.springframework.boot.test.context.SpringBootTestContextBootstrapper - Neither @ContextConfiguration nor @ContextHierarchy found for test class [com.example.newimse_project.NewImseProjectApplicationTests], using SpringBootContextLoader
00:17:03.430 [Test worker] DEBUG org.springframework.test.context.support.AbstractContextLoader - Did not detect default resource location for test class [com.example.newimse_project.NewImseProjectApplicationTests]: class path resource [com/example/newimse_project/NewImseProjectApplicationTests-context.xml] does not exist
00:17:03.432 [Test worker] DEBUG org.springframework.test.context.support.AbstractContextLoader - Did not detect default resource location for test class [com.example.newimse_project.NewImseProjectApplicationTests]: class path resource [com/example/newimse_project/NewImseProjectApplicationTestsContext.groovy] does not exist
00:17:03.433 [Test worker] INFO org.springframework.test.context.support.AbstractContextLoader - Could not detect default resource locations for test class [com.example.newimse_project.NewImseProjectApplicationTests]: no resource found for suffixes {-context.xml, Context.groovy}.
00:17:03.436 [Test worker] INFO org.springframework.test.context.support.AnnotationConfigContextLoaderUtils - Could not detect default configuration classes for test class [com.example.newimse_project.NewImseProjectApplicationTests]: NewImseProjectApplicationTests does not declare any static, non-private, non-final, nested classes annotated with @Configuration.
00:17:03.696 [Test worker] DEBUG org.springframework.test.context.support.ActiveProfilesUtils - Could not find an 'annotation declaring class' for annotation type [org.springframework.test.context.ActiveProfiles] and class [com.example.newimse_project.NewImseProjectApplicationTests]
00:17:03.949 [Test worker] DEBUG org.springframework.context.annotation.ClassPathScanningCandidateComponentProvider - Identified candidate component class: file [/Users/mzare/Desktop/NewIMSE_Project/build/classes/java/main/com/example/newimse_project/NewImseProjectApplication.class]
00:17:03.956 [Test worker] INFO org.springframework.boot.test.context.SpringBootTestContextBootstrapper - Found @SpringBootConfiguration com.example.newimse_project.NewImseProjectApplication for test class com.example.newimse_project.NewImseProjectApplicationTests
00:17:04.373 [Test worker] DEBUG org.springframework.boot.test.context.SpringBootTestContextBootstrapper - @TestExecutionListeners is not present for class [com.example.newimse_project.NewImseProjectApplicationTests]: using defaults.
00:17:04.374 [Test worker] INFO org.springframework.boot.test.context.SpringBootTestContextBootstrapper - Loaded default TestExecutionListener class names from location [META-INF/spring.factories]: [org.springframework.boot.test.autoconfigure.restdocs.RestDocsTestExecutionListener, org.springframework.boot.test.autoconfigure.web.client.MockRestServiceServerResetTestExecutionListener, org.springframework.boot.test.autoconfigure.web.servlet.MockMvcPrintOnlyOnFailureTestExecutionListener, org.springframework.boot.test.autoconfigure.web.servlet.WebDriverTestExecutionListener, org.springframework.boot.test.autoconfigure.webservices.client.MockWebServiceServerTestExecutionListener, org.springframework.boot.test.mock.mockito.MockitoTestExecutionListener, org.springframework.boot.test.mock.mockito.ResetMocksTestExecutionListener, org.springframework.test.context.web.ServletTestExecutionListener, org.springframework.test.context.support.DirtiesContextBeforeModesTestExecutionListener, org.springframework.test.context.event.ApplicationEventsTestExecutionListener, org.springframework.test.context.support.DependencyInjectionTestExecutionListener, org.springframework.test.context.support.DirtiesContextTestExecutionListener, org.springframework.test.context.transaction.TransactionalTestExecutionListener, org.springframework.test.context.jdbc.SqlScriptsTestExecutionListener, org.springframework.test.context.event.EventPublishingTestExecutionListener]
00:17:04.451 [Test worker] INFO org.springframework.boot.test.context.SpringBootTestContextBootstrapper - Using TestExecutionListeners: [org.springframework.test.context.web.ServletTestExecutionListener@62ea3440, org.springframework.test.context.support.DirtiesContextBeforeModesTestExecutionListener@27953a83, org.springframework.test.context.event.ApplicationEventsTestExecutionListener@556d0826, org.springframework.boot.test.mock.mockito.MockitoTestExecutionListener@66ce957f, org.springframework.boot.test.autoconfigure.SpringBootDependencyInjectionTestExecutionListener@55b5f5d2, org.springframework.test.context.support.DirtiesContextTestExecutionListener@5bfa8cc5, org.springframework.test.context.transaction.TransactionalTestExecutionListener@666b83a4, org.springframework.test.context.jdbc.SqlScriptsTestExecutionListener@749c877b, org.springframework.test.context.event.EventPublishingTestExecutionListener@efde75f, org.springframework.boot.test.autoconfigure.restdocs.RestDocsTestExecutionListener@16ecee1, org.springframework.boot.test.autoconfigure.web.client.MockRestServiceServerResetTestExecutionListener@3b220bcb, org.springframework.boot.test.autoconfigure.web.servlet.MockMvcPrintOnlyOnFailureTestExecutionListener@2b95e48b, org.springframework.boot.test.autoconfigure.web.servlet.WebDriverTestExecutionListener@4a3329b9, org.springframework.boot.test.autoconfigure.webservices.client.MockWebServiceServerTestExecutionListener@3dddefd8, org.springframework.boot.test.mock.mockito.ResetMocksTestExecutionListener@160ac7fb]
00:17:04.463 [Test worker] DEBUG org.springframework.test.context.support.AbstractDirtiesContextTestExecutionListener - Before test class: context [DefaultTestContext@7be58f16 testClass = NewImseProjectApplicationTests, testInstance = [null], testMethod = [null], testException = [null], mergedContextConfiguration = [WebMergedContextConfiguration@242aa8d9 testClass = NewImseProjectApplicationTests, locations = '{}', classes = '{class com.example.newimse_project.NewImseProjectApplication}', contextInitializerClasses = '[]', activeProfiles = '{}', propertySourceLocations = '{}', propertySourceProperties = '{org.springframework.boot.test.context.SpringBootTestContextBootstrapper=true}', contextCustomizers = set[org.springframework.boot.test.autoconfigure.actuate.metrics.MetricsExportContextCustomizerFactory$DisableMetricExportContextCustomizer@600b9d27, org.springframework.boot.test.autoconfigure.properties.PropertyMappingContextCustomizer@0, org.springframework.boot.test.autoconfigure.web.servlet.WebDriverContextCustomizerFactory$Customizer@1efe439d, org.springframework.boot.test.context.filter.ExcludeFilterContextCustomizer@413f69cc, org.springframework.boot.test.json.DuplicateJsonObjectContextCustomizerFactory$DuplicateJsonObjectContextCustomizer@1984b1f, org.springframework.boot.test.mock.mockito.MockitoContextCustomizer@0, org.springframework.boot.test.web.client.TestRestTemplateContextCustomizer@30c93896, org.springframework.boot.test.web.reactive.server.WebTestClientContextCustomizer@2796aeae, org.springframework.boot.test.context.SpringBootTestArgs@1, org.springframework.boot.test.context.SpringBootTestWebEnvironment@10d68fcd], resourceBasePath = 'src/main/webapp', contextLoader = 'org.springframework.boot.test.context.SpringBootContextLoader', parent = [null]], attributes = map['org.springframework.test.context.web.ServletTestExecutionListener.activateListener' -> true]], class annotated with @DirtiesContext [false] with mode [null].
00:17:04.548 [Test worker] DEBUG org.springframework.test.context.support.TestPropertySourceUtils - Adding inlined properties to environment: {spring.jmx.enabled=false, org.springframework.boot.test.context.SpringBootTestContextBootstrapper=true}

  .   ____          _            __ _ _
 /\\ / ___'_ __ _ _(_)_ __  __ _ \ \ \ \
( ( )\___ | '_ | '_| | '_ \/ _` | \ \ \ \
 \\/  ___)| |_)| | | | | || (_| |  ) ) ) )
  '  |____| .__|_| |_|_| |_\__, | / / / /
 =========|_|==============|___/=/_/_/_/
 :: Spring Boot ::                (v2.5.5)

2021-10-04 00:17:05.598  INFO 2615 --- [    Test worker] c.e.n.NewImseProjectApplicationTests     : Starting NewImseProjectApplicationTests using Java 16.0.1 on Mzares-MacBook-Air.local with PID 2615 (started by mzare in /Users/mzare/Desktop/NewIMSE_Project)
2021-10-04 00:17:05.603  INFO 2615 --- [    Test worker] c.e.n.NewImseProjectApplicationTests     : No active profile set, falling back to default profiles: default
2021-10-04 00:17:07.721  INFO 2615 --- [    Test worker] .s.d.r.c.RepositoryConfigurationDelegate : Bootstrapping Spring Data JPA repositories in DEFAULT mode.
2021-10-04 00:17:07.752  INFO 2615 --- [    Test worker] .s.d.r.c.RepositoryConfigurationDelegate : Finished Spring Data repository scanning in 17 ms. Found 0 JPA repository interfaces.
2021-10-04 00:17:10.113  INFO 2615 --- [    Test worker] o.hibernate.jpa.internal.util.LogHelper  : HHH000204: Processing PersistenceUnitInfo [name: default]
2021-10-04 00:17:10.247  INFO 2615 --- [    Test worker] org.hibernate.Version                    : HHH000412: Hibernate ORM core version 5.4.32.Final
2021-10-04 00:17:10.539  INFO 2615 --- [    Test worker] o.hibernate.annotations.common.Version   : HCANN000001: Hibernate Commons Annotations {5.1.2.Final}
2021-10-04 00:17:10.802  INFO 2615 --- [    Test worker] com.zaxxer.hikari.HikariDataSource       : HikariPool-1 - Starting...
2021-10-04 00:17:11.161  INFO 2615 --- [    Test worker] com.zaxxer.hikari.HikariDataSource       : HikariPool-1 - Start completed.
2021-10-04 00:17:11.190  INFO 2615 --- [    Test worker] org.hibernate.dialect.Dialect            : HHH000400: Using dialect: org.hibernate.dialect.MySQL5Dialect
2021-10-04 00:17:11.667  INFO 2615 --- [    Test worker] o.h.e.t.j.p.i.JtaPlatformInitiator       : HHH000490: Using JtaPlatform implementation: [org.hibernate.engine.transaction.jta.platform.internal.NoJtaPlatform]
2021-10-04 00:17:11.687  INFO 2615 --- [    Test worker] j.LocalContainerEntityManagerFactoryBean : Initialized JPA EntityManagerFactory for persistence unit 'default'
2021-10-04 00:17:12.696  WARN 2615 --- [    Test worker] JpaBaseConfiguration$JpaWebConfiguration : spring.jpa.open-in-view is enabled by default. Therefore, database queries may be performed during view rendering. Explicitly configure spring.jpa.open-in-view to disable this warning
2021-10-04 00:17:14.877  INFO 2615 --- [    Test worker] c.e.n.NewImseProjectApplicationTests     : Started NewImseProjectApplicationTests in 10.311 seconds (JVM running for 14.555)
]]></system-out>
  <system-err><![CDATA[]]></system-err>
</testsuite>
